<?xml version="1.0" encoding="UTF-8"?>
<!-- Generated by org.testng.reporters.JUnitReportReporter -->
<testsuite hostname="Dell-Vostro-2520" failures="0" tests="4" name="robot.classEx.PressEscapeKeyUsingRobot" time="44.076" errors="1" timestamp="2021-08-25T21:24:38 IST" skipped="0">
  <testcase classname="robot.classEx.PressEscapeKeyUsingRobot" name="PressEscapeKey" time="14.302"/>
  <system-out/>
  <testcase classname="robot.classEx.PressEscapeKeyUsingRobot" name="ScrolMouse" time="12.689"/>
  <system-out/>
  <testcase classname="robot.classEx.PressEscapeKeyUsingRobot" name="ScreenCapture" time="9.063"/>
  <system-out/>
  <testcase classname="robot.classEx.PressEscapeKeyUsingRobot" name="MouseHover" time="8.022">
    <error message="Cannot invoke &quot;org.openqa.selenium.Cookie.getName()&quot; because &quot;cookie&quot; is null" type="java.lang.NullPointerException">
      <![CDATA[java.lang.NullPointerException: Cannot invoke "org.openqa.selenium.Cookie.getName()" because "cookie" is null
at org.openqa.selenium.remote.RemoteWebDriver$RemoteWebDriverOptions.deleteCookie(RemoteWebDriver.java:690)
at robot.classEx.PressEscapeKeyUsingRobot.MouseHover(PressEscapeKeyUsingRobot.java:131)
at java.base/jdk.internal.reflect.NativeMethodAccessorImpl.invoke0(Native Method)
at java.base/jdk.internal.reflect.NativeMethodAccessorImpl.invoke(NativeMethodAccessorImpl.java:64)
at java.base/jdk.internal.reflect.DelegatingMethodAccessorImpl.invoke(DelegatingMethodAccessorImpl.java:43)
at java.base/java.lang.reflect.Method.invoke(Method.java:564)
at org.testng.internal.MethodInvocationHelper.invokeMethod(MethodInvocationHelper.java:133)
at org.testng.internal.TestInvoker.invokeMethod(TestInvoker.java:598)
at org.testng.internal.TestInvoker.invokeTestMethod(TestInvoker.java:173)
at org.testng.internal.MethodRunner.runInSequence(MethodRunner.java:46)
at org.testng.internal.TestInvoker$MethodInvocationAgent.invoke(TestInvoker.java:824)
at org.testng.internal.TestInvoker.invokeTestMethods(TestInvoker.java:146)
at org.testng.internal.TestMethodWorker.invokeTestMethods(TestMethodWorker.java:146)
at org.testng.internal.TestMethodWorker.run(TestMethodWorker.java:128)
at java.base/java.util.ArrayList.forEach(ArrayList.java:1511)
at org.testng.TestRunner.privateRun(TestRunner.java:794)
at org.testng.TestRunner.run(TestRunner.java:596)
at org.testng.SuiteRunner.runTest(SuiteRunner.java:377)
at org.testng.SuiteRunner.runSequentially(SuiteRunner.java:371)
at org.testng.SuiteRunner.privateRun(SuiteRunner.java:332)
at org.testng.SuiteRunner.run(SuiteRunner.java:276)
at org.testng.SuiteRunnerWorker.runSuite(SuiteRunnerWorker.java:53)
at org.testng.SuiteRunnerWorker.run(SuiteRunnerWorker.java:96)
at org.testng.TestNG.runSuitesSequentially(TestNG.java:1212)
at org.testng.TestNG.runSuitesLocally(TestNG.java:1134)
at org.testng.TestNG.runSuites(TestNG.java:1063)
at org.testng.TestNG.run(TestNG.java:1031)
at org.testng.remote.AbstractRemoteTestNG.run(AbstractRemoteTestNG.java:115)
at org.testng.remote.RemoteTestNG.initAndRun(RemoteTestNG.java:251)
at org.testng.remote.RemoteTestNG.main(RemoteTestNG.java:77)
]]>
    </error>
  </testcase> <!-- MouseHover -->
  <system-out/>
</testsuite> <!-- robot.classEx.PressEscapeKeyUsingRobot -->
